{"uuid":"4c7d3149-2d11-41c5-82f0-219d98d18e01","historyId":"e147c27e6c5b223c228e977baae4aa85","fullName":"test.AdminFlowTest.createAdminFowTest","labels":[{"name":"package","value":"test.AdminFlowTest"},{"name":"testClass","value":"test.AdminFlowTest"},{"name":"testMethod","value":"createAdminFowTest"},{"name":"parentSuite","value":"Default Suite"},{"name":"suite","value":"tridentFramework"},{"name":"subSuite","value":"test.AdminFlowTest"},{"name":"host","value":"CCLB173-VinayakHanagi"},{"name":"thread","value":"20624@CCLB173-VinayakHanagi.main(1)"},{"name":"framework","value":"testng"},{"name":"language","value":"java"}],"links":[],"name":"createAdminFowTest","status":"broken","statusDetails":{"known":false,"muted":false,"flaky":false,"message":"Error {\n  message='Error: strict mode violation: getByLabel(\"Search\") resolved to 3 elements:\n    1) <input value=\"\" type=\"text\" aria-label=\"Search\" aria-in…/> aka locator(\"[data-test-id=\\\"Search\\\"]\").getByLabel(\"Search\")\n    2) <button tabindex=\"0\" type=\"button\" aria-label=\"Search\" c…>…</button> aka getByTestId(\"Search-iconButton\").first()\n    3) <button tabindex=\"0\" type=\"button\" title=\"Search\" aria-l…>…</button> aka getByTitle(\"Search\")\n\n  name='Error\n  stack='Error: Error: strict mode violation: getByLabel(\"Search\") resolved to 3 elements:\n    1) <input value=\"\" type=\"text\" aria-label=\"Search\" aria-in…/> aka locator(\"[data-test-id=\\\"Search\\\"]\").getByLabel(\"Search\")\n    2) <button tabindex=\"0\" type=\"button\" aria-label=\"Search\" c…>…</button> aka getByTestId(\"Search-iconButton\").first()\n    3) <button tabindex=\"0\" type=\"button\" title=\"Search\" aria-l…>…</button> aka getByTitle(\"Search\")\n\n    at CRExecutionContext.evaluateWithArguments (C:\\Users\\VINAYA~1\\AppData\\Local\\Temp\\playwright-java-2579076868943218080\\package\\lib\\server\\chromium\\crExecutionContext.js:92:33)\n    at async LongStandingScope._race (C:\\Users\\VINAYA~1\\AppData\\Local\\Temp\\playwright-java-2579076868943218080\\package\\lib\\utils\\manualPromise.js:96:14)\n    at async evaluateExpression (C:\\Users\\VINAYA~1\\AppData\\Local\\Temp\\playwright-java-2579076868943218080\\package\\lib\\server\\javascript.js:241:12)\n    at async C:\\Users\\VINAYA~1\\AppData\\Local\\Temp\\playwright-java-2579076868943218080\\package\\lib\\server\\frames.js:947:22\n    at async Frame.retryWithProgressAndTimeouts (C:\\Users\\VINAYA~1\\AppData\\Local\\Temp\\playwright-java-2579076868943218080\\package\\lib\\server\\frames.js:917:24)\n    at async C:\\Users\\VINAYA~1\\AppData\\Local\\Temp\\playwright-java-2579076868943218080\\package\\lib\\server\\frames.js:1047:29\n    at async ProgressController.run (C:\\Users\\VINAYA~1\\AppData\\Local\\Temp\\playwright-java-2579076868943218080\\package\\lib\\server\\progress.js:82:22)\n    at async FrameDispatcher.fill (C:\\Users\\VINAYA~1\\AppData\\Local\\Temp\\playwright-java-2579076868943218080\\package\\lib\\server\\dispatchers\\frameDispatcher.js:170:12)\n    at async LongStandingScope._race (C:\\Users\\VINAYA~1\\AppData\\Local\\Temp\\playwright-java-2579076868943218080\\package\\lib\\utils\\manualPromise.js:96:14)\n    at async FrameDispatcher._handleCommand (C:\\Users\\VINAYA~1\\AppData\\Local\\Temp\\playwright-java-2579076868943218080\\package\\lib\\server\\dispatchers\\dispatcher.js:96:14)\n}\nCall log:\n- waiting for getByLabel(\"Search\")\n","trace":"com.microsoft.playwright.PlaywrightException: Error {\n  message='Error: strict mode violation: getByLabel(\"Search\") resolved to 3 elements:\n    1) <input value=\"\" type=\"text\" aria-label=\"Search\" aria-in…/> aka locator(\"[data-test-id=\\\"Search\\\"]\").getByLabel(\"Search\")\n    2) <button tabindex=\"0\" type=\"button\" aria-label=\"Search\" c…>…</button> aka getByTestId(\"Search-iconButton\").first()\n    3) <button tabindex=\"0\" type=\"button\" title=\"Search\" aria-l…>…</button> aka getByTitle(\"Search\")\n\n  name='Error\n  stack='Error: Error: strict mode violation: getByLabel(\"Search\") resolved to 3 elements:\n    1) <input value=\"\" type=\"text\" aria-label=\"Search\" aria-in…/> aka locator(\"[data-test-id=\\\"Search\\\"]\").getByLabel(\"Search\")\n    2) <button tabindex=\"0\" type=\"button\" aria-label=\"Search\" c…>…</button> aka getByTestId(\"Search-iconButton\").first()\n    3) <button tabindex=\"0\" type=\"button\" title=\"Search\" aria-l…>…</button> aka getByTitle(\"Search\")\n\n    at CRExecutionContext.evaluateWithArguments (C:\\Users\\VINAYA~1\\AppData\\Local\\Temp\\playwright-java-2579076868943218080\\package\\lib\\server\\chromium\\crExecutionContext.js:92:33)\n    at async LongStandingScope._race (C:\\Users\\VINAYA~1\\AppData\\Local\\Temp\\playwright-java-2579076868943218080\\package\\lib\\utils\\manualPromise.js:96:14)\n    at async evaluateExpression (C:\\Users\\VINAYA~1\\AppData\\Local\\Temp\\playwright-java-2579076868943218080\\package\\lib\\server\\javascript.js:241:12)\n    at async C:\\Users\\VINAYA~1\\AppData\\Local\\Temp\\playwright-java-2579076868943218080\\package\\lib\\server\\frames.js:947:22\n    at async Frame.retryWithProgressAndTimeouts (C:\\Users\\VINAYA~1\\AppData\\Local\\Temp\\playwright-java-2579076868943218080\\package\\lib\\server\\frames.js:917:24)\n    at async C:\\Users\\VINAYA~1\\AppData\\Local\\Temp\\playwright-java-2579076868943218080\\package\\lib\\server\\frames.js:1047:29\n    at async ProgressController.run (C:\\Users\\VINAYA~1\\AppData\\Local\\Temp\\playwright-java-2579076868943218080\\package\\lib\\server\\progress.js:82:22)\n    at async FrameDispatcher.fill (C:\\Users\\VINAYA~1\\AppData\\Local\\Temp\\playwright-java-2579076868943218080\\package\\lib\\server\\dispatchers\\frameDispatcher.js:170:12)\n    at async LongStandingScope._race (C:\\Users\\VINAYA~1\\AppData\\Local\\Temp\\playwright-java-2579076868943218080\\package\\lib\\utils\\manualPromise.js:96:14)\n    at async FrameDispatcher._handleCommand (C:\\Users\\VINAYA~1\\AppData\\Local\\Temp\\playwright-java-2579076868943218080\\package\\lib\\server\\dispatchers\\dispatcher.js:96:14)\n}\nCall log:\n- waiting for getByLabel(\"Search\")\n\r\n\tat com.microsoft.playwright.impl.WaitableResult.get(WaitableResult.java:56)\r\n\tat com.microsoft.playwright.impl.ChannelOwner.runUntil(ChannelOwner.java:120)\r\n\tat com.microsoft.playwright.impl.Connection.sendMessage(Connection.java:130)\r\n\tat com.microsoft.playwright.impl.ChannelOwner.sendMessage(ChannelOwner.java:106)\r\n\tat com.microsoft.playwright.impl.FrameImpl.fillImpl(FrameImpl.java:335)\r\n\tat com.microsoft.playwright.impl.FrameImpl.lambda$fill$14(FrameImpl.java:325)\r\n\tat com.microsoft.playwright.impl.LoggingSupport.lambda$withLogging$0(LoggingSupport.java:36)\r\n\tat com.microsoft.playwright.impl.LoggingSupport.withLogging(LoggingSupport.java:47)\r\n\tat com.microsoft.playwright.impl.ChannelOwner.withLogging(ChannelOwner.java:89)\r\n\tat com.microsoft.playwright.impl.LoggingSupport.withLogging(LoggingSupport.java:35)\r\n\tat com.microsoft.playwright.impl.FrameImpl.fill(FrameImpl.java:325)\r\n\tat com.microsoft.playwright.impl.LocatorImpl.fill(LocatorImpl.java:235)\r\n\tat com.microsoft.playwright.Locator.fill(Locator.java:3046)\r\n\tat page.web.CreateAdminFlow.editGlobalParameterImplementations(CreateAdminFlow.java:187)\r\n\tat page.web.CreateAdminFlow.addLogicToTheKPIAndValidate(CreateAdminFlow.java:181)\r\n\tat test.AdminFlowTest.createAdminFowTest(AdminFlowTest.java:21)\r\n\tat java.base/jdk.internal.reflect.DirectMethodHandleAccessor.invoke(DirectMethodHandleAccessor.java:103)\r\n\tat java.base/java.lang.reflect.Method.invoke(Method.java:580)\r\n\tat org.testng.internal.invokers.MethodInvocationHelper.invokeMethod(MethodInvocationHelper.java:141)\r\n\tat org.testng.internal.invokers.TestInvoker.invokeMethod(TestInvoker.java:687)\r\n\tat org.testng.internal.invokers.TestInvoker.invokeTestMethod(TestInvoker.java:230)\r\n\tat org.testng.internal.invokers.MethodRunner.runInSequence(MethodRunner.java:63)\r\n\tat org.testng.internal.invokers.TestInvoker$MethodInvocationAgent.invoke(TestInvoker.java:995)\r\n\tat org.testng.internal.invokers.TestInvoker.invokeTestMethods(TestInvoker.java:203)\r\n\tat org.testng.internal.invokers.TestMethodWorker.invokeTestMethods(TestMethodWorker.java:154)\r\n\tat org.testng.internal.invokers.TestMethodWorker.run(TestMethodWorker.java:134)\r\n\tat java.base/java.util.ArrayList.forEach(ArrayList.java:1597)\r\n\tat org.testng.TestRunner.privateRun(TestRunner.java:741)\r\n\tat org.testng.TestRunner.run(TestRunner.java:616)\r\n\tat org.testng.SuiteRunner.runTest(SuiteRunner.java:421)\r\n\tat org.testng.SuiteRunner.runSequentially(SuiteRunner.java:413)\r\n\tat org.testng.SuiteRunner.privateRun(SuiteRunner.java:373)\r\n\tat org.testng.SuiteRunner.run(SuiteRunner.java:312)\r\n\tat org.testng.SuiteRunnerWorker.runSuite(SuiteRunnerWorker.java:52)\r\n\tat org.testng.SuiteRunnerWorker.run(SuiteRunnerWorker.java:95)\r\n\tat org.testng.TestNG.runSuitesSequentially(TestNG.java:1274)\r\n\tat org.testng.TestNG.runSuitesLocally(TestNG.java:1208)\r\n\tat org.testng.TestNG.runSuites(TestNG.java:1112)\r\n\tat org.testng.TestNG.run(TestNG.java:1079)\r\n\tat com.intellij.rt.testng.IDEARemoteTestNG.run(IDEARemoteTestNG.java:65)\r\n\tat com.intellij.rt.testng.RemoteTestNGStarter.main(RemoteTestNGStarter.java:105)\r\nCaused by: com.microsoft.playwright.impl.DriverException: Error {\n  message='Error: strict mode violation: getByLabel(\"Search\") resolved to 3 elements:\n    1) <input value=\"\" type=\"text\" aria-label=\"Search\" aria-in…/> aka locator(\"[data-test-id=\\\"Search\\\"]\").getByLabel(\"Search\")\n    2) <button tabindex=\"0\" type=\"button\" aria-label=\"Search\" c…>…</button> aka getByTestId(\"Search-iconButton\").first()\n    3) <button tabindex=\"0\" type=\"button\" title=\"Search\" aria-l…>…</button> aka getByTitle(\"Search\")\n\n  name='Error\n  stack='Error: Error: strict mode violation: getByLabel(\"Search\") resolved to 3 elements:\n    1) <input value=\"\" type=\"text\" aria-label=\"Search\" aria-in…/> aka locator(\"[data-test-id=\\\"Search\\\"]\").getByLabel(\"Search\")\n    2) <button tabindex=\"0\" type=\"button\" aria-label=\"Search\" c…>…</button> aka getByTestId(\"Search-iconButton\").first()\n    3) <button tabindex=\"0\" type=\"button\" title=\"Search\" aria-l…>…</button> aka getByTitle(\"Search\")\n\n    at CRExecutionContext.evaluateWithArguments (C:\\Users\\VINAYA~1\\AppData\\Local\\Temp\\playwright-java-2579076868943218080\\package\\lib\\server\\chromium\\crExecutionContext.js:92:33)\n    at async LongStandingScope._race (C:\\Users\\VINAYA~1\\AppData\\Local\\Temp\\playwright-java-2579076868943218080\\package\\lib\\utils\\manualPromise.js:96:14)\n    at async evaluateExpression (C:\\Users\\VINAYA~1\\AppData\\Local\\Temp\\playwright-java-2579076868943218080\\package\\lib\\server\\javascript.js:241:12)\n    at async C:\\Users\\VINAYA~1\\AppData\\Local\\Temp\\playwright-java-2579076868943218080\\package\\lib\\server\\frames.js:947:22\n    at async Frame.retryWithProgressAndTimeouts (C:\\Users\\VINAYA~1\\AppData\\Local\\Temp\\playwright-java-2579076868943218080\\package\\lib\\server\\frames.js:917:24)\n    at async C:\\Users\\VINAYA~1\\AppData\\Local\\Temp\\playwright-java-2579076868943218080\\package\\lib\\server\\frames.js:1047:29\n    at async ProgressController.run (C:\\Users\\VINAYA~1\\AppData\\Local\\Temp\\playwright-java-2579076868943218080\\package\\lib\\server\\progress.js:82:22)\n    at async FrameDispatcher.fill (C:\\Users\\VINAYA~1\\AppData\\Local\\Temp\\playwright-java-2579076868943218080\\package\\lib\\server\\dispatchers\\frameDispatcher.js:170:12)\n    at async LongStandingScope._race (C:\\Users\\VINAYA~1\\AppData\\Local\\Temp\\playwright-java-2579076868943218080\\package\\lib\\utils\\manualPromise.js:96:14)\n    at async FrameDispatcher._handleCommand (C:\\Users\\VINAYA~1\\AppData\\Local\\Temp\\playwright-java-2579076868943218080\\package\\lib\\server\\dispatchers\\dispatcher.js:96:14)\n}\nCall log:\n- waiting for getByLabel(\"Search\")\n\r\n\tat com.microsoft.playwright.impl.Connection.dispatch(Connection.java:259)\r\n\tat com.microsoft.playwright.impl.Connection.processOneMessage(Connection.java:211)\r\n\tat com.microsoft.playwright.impl.ChannelOwner.runUntil(ChannelOwner.java:118)\r\n\t... 39 more\r\n"},"stage":"finished","steps":[],"attachments":[],"parameters":[],"start":1769762858902,"stop":1769762868006}