{"uuid":"61108d01-0b9b-4a14-b565-06c1cb65c92b","historyId":"53d38b9ae670054392759878d131f660","fullName":"test.api.GetRawParamLclUclValue.getSTDMeanLCLUCL","labels":[{"name":"package","value":"test.api.GetRawParamLclUclValue"},{"name":"testClass","value":"test.api.GetRawParamLclUclValue"},{"name":"testMethod","value":"getSTDMeanLCLUCL"},{"name":"parentSuite","value":"Default Suite"},{"name":"suite","value":"tridentFramework"},{"name":"subSuite","value":"test.api.GetRawParamLclUclValue"},{"name":"host","value":"CCLB173-VinayakHanagi"},{"name":"thread","value":"21276@CCLB173-VinayakHanagi.main(1)"},{"name":"framework","value":"testng"},{"name":"language","value":"java"}],"links":[],"name":"getSTDMeanLCLUCL","status":"broken","statusDetails":{"known":false,"muted":false,"flaky":false,"message":"Failed to parse Raw Parameter API response","trace":"java.lang.RuntimeException: Failed to parse Raw Parameter API response\r\n\tat test.api.GetRawParamRequest.getRawParamNode(GetRawParamRequest.java:30)\r\n\tat test.api.GetRawParamLclUclValue.getSTDMeanLCLUCL(GetRawParamLclUclValue.java:25)\r\n\tat java.base/jdk.internal.reflect.DirectMethodHandleAccessor.invoke(DirectMethodHandleAccessor.java:103)\r\n\tat java.base/java.lang.reflect.Method.invoke(Method.java:580)\r\n\tat org.testng.internal.invokers.MethodInvocationHelper.invokeMethod(MethodInvocationHelper.java:141)\r\n\tat org.testng.internal.invokers.TestInvoker.invokeMethod(TestInvoker.java:687)\r\n\tat org.testng.internal.invokers.TestInvoker.invokeTestMethod(TestInvoker.java:230)\r\n\tat org.testng.internal.invokers.MethodRunner.runInSequence(MethodRunner.java:63)\r\n\tat org.testng.internal.invokers.TestInvoker$MethodInvocationAgent.invoke(TestInvoker.java:995)\r\n\tat org.testng.internal.invokers.TestInvoker.invokeTestMethods(TestInvoker.java:203)\r\n\tat org.testng.internal.invokers.TestMethodWorker.invokeTestMethods(TestMethodWorker.java:154)\r\n\tat org.testng.internal.invokers.TestMethodWorker.run(TestMethodWorker.java:134)\r\n\tat java.base/java.util.ArrayList.forEach(ArrayList.java:1597)\r\n\tat org.testng.TestRunner.privateRun(TestRunner.java:741)\r\n\tat org.testng.TestRunner.run(TestRunner.java:616)\r\n\tat org.testng.SuiteRunner.runTest(SuiteRunner.java:421)\r\n\tat org.testng.SuiteRunner.runSequentially(SuiteRunner.java:413)\r\n\tat org.testng.SuiteRunner.privateRun(SuiteRunner.java:373)\r\n\tat org.testng.SuiteRunner.run(SuiteRunner.java:312)\r\n\tat org.testng.SuiteRunnerWorker.runSuite(SuiteRunnerWorker.java:52)\r\n\tat org.testng.SuiteRunnerWorker.run(SuiteRunnerWorker.java:95)\r\n\tat org.testng.TestNG.runSuitesSequentially(TestNG.java:1274)\r\n\tat org.testng.TestNG.runSuitesLocally(TestNG.java:1208)\r\n\tat org.testng.TestNG.runSuites(TestNG.java:1112)\r\n\tat org.testng.TestNG.run(TestNG.java:1079)\r\n\tat com.intellij.rt.testng.IDEARemoteTestNG.run(IDEARemoteTestNG.java:65)\r\n\tat com.intellij.rt.testng.RemoteTestNGStarter.main(RemoteTestNGStarter.java:105)\r\nCaused by: java.lang.RuntimeException: No matching raw parameter found for equipmentId=4248 and rawParamDefId=21\r\n\tat test.api.GetRawParamRequest.getRawParamNode(GetRawParamRequest.java:26)\r\n\t... 26 more\r\n"},"stage":"finished","steps":[],"attachments":[],"parameters":[],"start":1770704242644,"stop":1770704243110}