{"uuid":"a8b0c303-05ab-45f2-8fd4-2daad5053768","historyId":"e147c27e6c5b223c228e977baae4aa85","fullName":"test.AdminFlowTest.createAdminFowTest","labels":[{"name":"package","value":"test.AdminFlowTest"},{"name":"testClass","value":"test.AdminFlowTest"},{"name":"testMethod","value":"createAdminFowTest"},{"name":"parentSuite","value":"Default Suite"},{"name":"suite","value":"tridentFramework"},{"name":"subSuite","value":"test.AdminFlowTest"},{"name":"host","value":"CCLB173-VinayakHanagi"},{"name":"thread","value":"17432@CCLB173-VinayakHanagi.main(1)"},{"name":"framework","value":"testng"},{"name":"language","value":"java"}],"links":[],"name":"createAdminFowTest","status":"broken","statusDetails":{"known":false,"muted":false,"flaky":false,"message":"Error {\n  message='Unsupported token \"@div\" while parsing selector \"Locator@div\"\n  name='Error\n  stack='Error: Unsupported token \"@div\" while parsing selector \"Locator@div\"\n    at parseCSS (C:\\Users\\VINAYA~1\\AppData\\Local\\Temp\\playwright-java-10457088888617034412\\package\\lib\\utils\\isomorphic\\cssParser.js:64:31)\n    at parseSelector (C:\\Users\\VINAYA~1\\AppData\\Local\\Temp\\playwright-java-10457088888617034412\\package\\lib\\utils\\isomorphic\\selectorParser.js:50:49)\n    at splitSelectorByFrame (C:\\Users\\VINAYA~1\\AppData\\Local\\Temp\\playwright-java-10457088888617034412\\package\\lib\\utils\\isomorphic\\selectorParser.js:99:20)\n    at FrameSelectors.resolveFrameForSelector (C:\\Users\\VINAYA~1\\AppData\\Local\\Temp\\playwright-java-10457088888617034412\\package\\lib\\server\\frameSelectors.js:110:66)\n    at FrameSelectors.resolveInjectedForSelector (C:\\Users\\VINAYA~1\\AppData\\Local\\Temp\\playwright-java-10457088888617034412\\package\\lib\\server\\frameSelectors.js:152:33)\n    at C:\\Users\\VINAYA~1\\AppData\\Local\\Temp\\playwright-java-10457088888617034412\\package\\lib\\server\\frames.js:942:45\n    at async Frame.retryWithProgressAndTimeouts (C:\\Users\\VINAYA~1\\AppData\\Local\\Temp\\playwright-java-10457088888617034412\\package\\lib\\server\\frames.js:917:24)\n}\nCall log:\n- waiting for Locator@div >> internal:has-text=/^SelectSumAverageAverage By DurationAverage By KpiCumulative$/ >> #fromUnit\n","trace":"com.microsoft.playwright.PlaywrightException: Error {\n  message='Unsupported token \"@div\" while parsing selector \"Locator@div\"\n  name='Error\n  stack='Error: Unsupported token \"@div\" while parsing selector \"Locator@div\"\n    at parseCSS (C:\\Users\\VINAYA~1\\AppData\\Local\\Temp\\playwright-java-10457088888617034412\\package\\lib\\utils\\isomorphic\\cssParser.js:64:31)\n    at parseSelector (C:\\Users\\VINAYA~1\\AppData\\Local\\Temp\\playwright-java-10457088888617034412\\package\\lib\\utils\\isomorphic\\selectorParser.js:50:49)\n    at splitSelectorByFrame (C:\\Users\\VINAYA~1\\AppData\\Local\\Temp\\playwright-java-10457088888617034412\\package\\lib\\utils\\isomorphic\\selectorParser.js:99:20)\n    at FrameSelectors.resolveFrameForSelector (C:\\Users\\VINAYA~1\\AppData\\Local\\Temp\\playwright-java-10457088888617034412\\package\\lib\\server\\frameSelectors.js:110:66)\n    at FrameSelectors.resolveInjectedForSelector (C:\\Users\\VINAYA~1\\AppData\\Local\\Temp\\playwright-java-10457088888617034412\\package\\lib\\server\\frameSelectors.js:152:33)\n    at C:\\Users\\VINAYA~1\\AppData\\Local\\Temp\\playwright-java-10457088888617034412\\package\\lib\\server\\frames.js:942:45\n    at async Frame.retryWithProgressAndTimeouts (C:\\Users\\VINAYA~1\\AppData\\Local\\Temp\\playwright-java-10457088888617034412\\package\\lib\\server\\frames.js:917:24)\n}\nCall log:\n- waiting for Locator@div >> internal:has-text=/^SelectSumAverageAverage By DurationAverage By KpiCumulative$/ >> #fromUnit\n\r\n\tat com.microsoft.playwright.impl.WaitableResult.get(WaitableResult.java:56)\r\n\tat com.microsoft.playwright.impl.ChannelOwner.runUntil(ChannelOwner.java:120)\r\n\tat com.microsoft.playwright.impl.Connection.sendMessage(Connection.java:130)\r\n\tat com.microsoft.playwright.impl.ChannelOwner.sendMessage(ChannelOwner.java:106)\r\n\tat com.microsoft.playwright.impl.FrameImpl.selectOption(FrameImpl.java:722)\r\n\tat com.microsoft.playwright.impl.FrameImpl.selectOptionImpl(FrameImpl.java:689)\r\n\tat com.microsoft.playwright.impl.PageImpl.lambda$selectOption$68(PageImpl.java:1140)\r\n\tat com.microsoft.playwright.impl.LoggingSupport.withLogging(LoggingSupport.java:47)\r\n\tat com.microsoft.playwright.impl.ChannelOwner.withLogging(ChannelOwner.java:89)\r\n\tat com.microsoft.playwright.impl.PageImpl.selectOption(PageImpl.java:1139)\r\n\tat com.microsoft.playwright.impl.PageImpl.selectOption(PageImpl.java:1096)\r\n\tat com.microsoft.playwright.Page.selectOption(Page.java:6762)\r\n\tat page.web.CreateAdminFlow.EditExistingKPI(CreateAdminFlow.java:160)\r\n\tat test.AdminFlowTest.createAdminFowTest(AdminFlowTest.java:20)\r\n\tat java.base/jdk.internal.reflect.DirectMethodHandleAccessor.invoke(DirectMethodHandleAccessor.java:103)\r\n\tat java.base/java.lang.reflect.Method.invoke(Method.java:580)\r\n\tat org.testng.internal.invokers.MethodInvocationHelper.invokeMethod(MethodInvocationHelper.java:141)\r\n\tat org.testng.internal.invokers.TestInvoker.invokeMethod(TestInvoker.java:687)\r\n\tat org.testng.internal.invokers.TestInvoker.invokeTestMethod(TestInvoker.java:230)\r\n\tat org.testng.internal.invokers.MethodRunner.runInSequence(MethodRunner.java:63)\r\n\tat org.testng.internal.invokers.TestInvoker$MethodInvocationAgent.invoke(TestInvoker.java:995)\r\n\tat org.testng.internal.invokers.TestInvoker.invokeTestMethods(TestInvoker.java:203)\r\n\tat org.testng.internal.invokers.TestMethodWorker.invokeTestMethods(TestMethodWorker.java:154)\r\n\tat org.testng.internal.invokers.TestMethodWorker.run(TestMethodWorker.java:134)\r\n\tat java.base/java.util.ArrayList.forEach(ArrayList.java:1597)\r\n\tat org.testng.TestRunner.privateRun(TestRunner.java:741)\r\n\tat org.testng.TestRunner.run(TestRunner.java:616)\r\n\tat org.testng.SuiteRunner.runTest(SuiteRunner.java:421)\r\n\tat org.testng.SuiteRunner.runSequentially(SuiteRunner.java:413)\r\n\tat org.testng.SuiteRunner.privateRun(SuiteRunner.java:373)\r\n\tat org.testng.SuiteRunner.run(SuiteRunner.java:312)\r\n\tat org.testng.SuiteRunnerWorker.runSuite(SuiteRunnerWorker.java:52)\r\n\tat org.testng.SuiteRunnerWorker.run(SuiteRunnerWorker.java:95)\r\n\tat org.testng.TestNG.runSuitesSequentially(TestNG.java:1274)\r\n\tat org.testng.TestNG.runSuitesLocally(TestNG.java:1208)\r\n\tat org.testng.TestNG.runSuites(TestNG.java:1112)\r\n\tat org.testng.TestNG.run(TestNG.java:1079)\r\n\tat com.intellij.rt.testng.IDEARemoteTestNG.run(IDEARemoteTestNG.java:65)\r\n\tat com.intellij.rt.testng.RemoteTestNGStarter.main(RemoteTestNGStarter.java:105)\r\nCaused by: com.microsoft.playwright.impl.DriverException: Error {\n  message='Unsupported token \"@div\" while parsing selector \"Locator@div\"\n  name='Error\n  stack='Error: Unsupported token \"@div\" while parsing selector \"Locator@div\"\n    at parseCSS (C:\\Users\\VINAYA~1\\AppData\\Local\\Temp\\playwright-java-10457088888617034412\\package\\lib\\utils\\isomorphic\\cssParser.js:64:31)\n    at parseSelector (C:\\Users\\VINAYA~1\\AppData\\Local\\Temp\\playwright-java-10457088888617034412\\package\\lib\\utils\\isomorphic\\selectorParser.js:50:49)\n    at splitSelectorByFrame (C:\\Users\\VINAYA~1\\AppData\\Local\\Temp\\playwright-java-10457088888617034412\\package\\lib\\utils\\isomorphic\\selectorParser.js:99:20)\n    at FrameSelectors.resolveFrameForSelector (C:\\Users\\VINAYA~1\\AppData\\Local\\Temp\\playwright-java-10457088888617034412\\package\\lib\\server\\frameSelectors.js:110:66)\n    at FrameSelectors.resolveInjectedForSelector (C:\\Users\\VINAYA~1\\AppData\\Local\\Temp\\playwright-java-10457088888617034412\\package\\lib\\server\\frameSelectors.js:152:33)\n    at C:\\Users\\VINAYA~1\\AppData\\Local\\Temp\\playwright-java-10457088888617034412\\package\\lib\\server\\frames.js:942:45\n    at async Frame.retryWithProgressAndTimeouts (C:\\Users\\VINAYA~1\\AppData\\Local\\Temp\\playwright-java-10457088888617034412\\package\\lib\\server\\frames.js:917:24)\n}\nCall log:\n- waiting for Locator@div >> internal:has-text=/^SelectSumAverageAverage By DurationAverage By KpiCumulative$/ >> #fromUnit\n\r\n\tat com.microsoft.playwright.impl.Connection.dispatch(Connection.java:259)\r\n\tat com.microsoft.playwright.impl.Connection.processOneMessage(Connection.java:211)\r\n\tat com.microsoft.playwright.impl.ChannelOwner.runUntil(ChannelOwner.java:118)\r\n\t... 37 more\r\n"},"stage":"finished","steps":[],"attachments":[],"parameters":[],"start":1769757006907,"stop":1769757022521}