{"uuid":"e4031b11-fabf-4396-bb2e-30ebe9c35960","historyId":"26137d6b88237d70d410d22104867660","fullName":"page.api.StandardDeviationAndMean.testCalculateStandardDeviation","labels":[{"name":"package","value":"page.api.StandardDeviationAndMean"},{"name":"testClass","value":"page.api.StandardDeviationAndMean"},{"name":"testMethod","value":"testCalculateStandardDeviation"},{"name":"parentSuite","value":"Default Suite"},{"name":"suite","value":"tridentFramework"},{"name":"subSuite","value":"page.api.StandardDeviationAndMean"},{"name":"host","value":"CCLB173-VinayakHanagi"},{"name":"thread","value":"5576@CCLB173-VinayakHanagi.main(1)"},{"name":"framework","value":"testng"},{"name":"language","value":"java"}],"links":[],"name":"testCalculateStandardDeviation","status":"broken","statusDetails":{"known":false,"muted":false,"flaky":false,"message":"Error {\n  message='url: expected string, got undefined\n  name='Error\n  stack='Error: url: expected string, got undefined\n    at tString (C:\\Users\\VINAYA~1\\AppData\\Local\\Temp\\playwright-java-3377558316066883974\\package\\lib\\protocol\\validatorPrimitives.js:58:9)\n    at C:\\Users\\VINAYA~1\\AppData\\Local\\Temp\\playwright-java-3377558316066883974\\package\\lib\\protocol\\validatorPrimitives.js:107:21\n    at DispatcherConnection.dispatch (C:\\Users\\VINAYA~1\\AppData\\Local\\Temp\\playwright-java-3377558316066883974\\package\\lib\\server\\dispatchers\\dispatcher.js:281:21)\n    at transport.onmessage (C:\\Users\\VINAYA~1\\AppData\\Local\\Temp\\playwright-java-3377558316066883974\\package\\lib\\cli\\driver.js:52:57)\n    at Immediate._onImmediate (C:\\Users\\VINAYA~1\\AppData\\Local\\Temp\\playwright-java-3377558316066883974\\package\\lib\\protocol\\transport.js:77:34)\n    at process.processImmediate (node:internal/timers:478:21)\n}","trace":"com.microsoft.playwright.PlaywrightException: Error {\n  message='url: expected string, got undefined\n  name='Error\n  stack='Error: url: expected string, got undefined\n    at tString (C:\\Users\\VINAYA~1\\AppData\\Local\\Temp\\playwright-java-3377558316066883974\\package\\lib\\protocol\\validatorPrimitives.js:58:9)\n    at C:\\Users\\VINAYA~1\\AppData\\Local\\Temp\\playwright-java-3377558316066883974\\package\\lib\\protocol\\validatorPrimitives.js:107:21\n    at DispatcherConnection.dispatch (C:\\Users\\VINAYA~1\\AppData\\Local\\Temp\\playwright-java-3377558316066883974\\package\\lib\\server\\dispatchers\\dispatcher.js:281:21)\n    at transport.onmessage (C:\\Users\\VINAYA~1\\AppData\\Local\\Temp\\playwright-java-3377558316066883974\\package\\lib\\cli\\driver.js:52:57)\n    at Immediate._onImmediate (C:\\Users\\VINAYA~1\\AppData\\Local\\Temp\\playwright-java-3377558316066883974\\package\\lib\\protocol\\transport.js:77:34)\n    at process.processImmediate (node:internal/timers:478:21)\n}\r\n\tat com.microsoft.playwright.impl.WaitableResult.get(WaitableResult.java:56)\r\n\tat com.microsoft.playwright.impl.ChannelOwner.runUntil(ChannelOwner.java:120)\r\n\tat com.microsoft.playwright.impl.Connection.sendMessage(Connection.java:130)\r\n\tat com.microsoft.playwright.impl.ChannelOwner.sendMessage(ChannelOwner.java:106)\r\n\tat com.microsoft.playwright.impl.APIRequestContextImpl.fetchImpl(APIRequestContextImpl.java:136)\r\n\tat com.microsoft.playwright.impl.APIRequestContextImpl.lambda$fetch$1(APIRequestContextImpl.java:57)\r\n\tat com.microsoft.playwright.impl.LoggingSupport.withLogging(LoggingSupport.java:47)\r\n\tat com.microsoft.playwright.impl.ChannelOwner.withLogging(ChannelOwner.java:89)\r\n\tat com.microsoft.playwright.impl.APIRequestContextImpl.fetch(APIRequestContextImpl.java:57)\r\n\tat com.microsoft.playwright.impl.APIRequestContextImpl.post(APIRequestContextImpl.java:192)\r\n\tat base.api.APIBase.readJsonFileForApiRequestPayload(APIBase.java:78)\r\n\tat page.api.GetRawParameterData.getTimeSeriesResponseAccordingToRawParamId(GetRawParameterData.java:18)\r\n\tat page.api.GetRawParameterData.getRawParameterDataValues(GetRawParameterData.java:29)\r\n\tat page.api.StandardDeviationAndMean.testCalculateStandardDeviation(StandardDeviationAndMean.java:13)\r\n\tat java.base/jdk.internal.reflect.DirectMethodHandleAccessor.invoke(DirectMethodHandleAccessor.java:103)\r\n\tat java.base/java.lang.reflect.Method.invoke(Method.java:580)\r\n\tat org.testng.internal.invokers.MethodInvocationHelper.invokeMethod(MethodInvocationHelper.java:141)\r\n\tat org.testng.internal.invokers.TestInvoker.invokeMethod(TestInvoker.java:687)\r\n\tat org.testng.internal.invokers.TestInvoker.invokeTestMethod(TestInvoker.java:230)\r\n\tat org.testng.internal.invokers.MethodRunner.runInSequence(MethodRunner.java:63)\r\n\tat org.testng.internal.invokers.TestInvoker$MethodInvocationAgent.invoke(TestInvoker.java:995)\r\n\tat org.testng.internal.invokers.TestInvoker.invokeTestMethods(TestInvoker.java:203)\r\n\tat org.testng.internal.invokers.TestMethodWorker.invokeTestMethods(TestMethodWorker.java:154)\r\n\tat org.testng.internal.invokers.TestMethodWorker.run(TestMethodWorker.java:134)\r\n\tat java.base/java.util.ArrayList.forEach(ArrayList.java:1597)\r\n\tat org.testng.TestRunner.privateRun(TestRunner.java:741)\r\n\tat org.testng.TestRunner.run(TestRunner.java:616)\r\n\tat org.testng.SuiteRunner.runTest(SuiteRunner.java:421)\r\n\tat org.testng.SuiteRunner.runSequentially(SuiteRunner.java:413)\r\n\tat org.testng.SuiteRunner.privateRun(SuiteRunner.java:373)\r\n\tat org.testng.SuiteRunner.run(SuiteRunner.java:312)\r\n\tat org.testng.SuiteRunnerWorker.runSuite(SuiteRunnerWorker.java:52)\r\n\tat org.testng.SuiteRunnerWorker.run(SuiteRunnerWorker.java:95)\r\n\tat org.testng.TestNG.runSuitesSequentially(TestNG.java:1274)\r\n\tat org.testng.TestNG.runSuitesLocally(TestNG.java:1208)\r\n\tat org.testng.TestNG.runSuites(TestNG.java:1112)\r\n\tat org.testng.TestNG.run(TestNG.java:1079)\r\n\tat com.intellij.rt.testng.IDEARemoteTestNG.run(IDEARemoteTestNG.java:65)\r\n\tat com.intellij.rt.testng.RemoteTestNGStarter.main(RemoteTestNGStarter.java:105)\r\nCaused by: com.microsoft.playwright.impl.DriverException: Error {\n  message='url: expected string, got undefined\n  name='Error\n  stack='Error: url: expected string, got undefined\n    at tString (C:\\Users\\VINAYA~1\\AppData\\Local\\Temp\\playwright-java-3377558316066883974\\package\\lib\\protocol\\validatorPrimitives.js:58:9)\n    at C:\\Users\\VINAYA~1\\AppData\\Local\\Temp\\playwright-java-3377558316066883974\\package\\lib\\protocol\\validatorPrimitives.js:107:21\n    at DispatcherConnection.dispatch (C:\\Users\\VINAYA~1\\AppData\\Local\\Temp\\playwright-java-3377558316066883974\\package\\lib\\server\\dispatchers\\dispatcher.js:281:21)\n    at transport.onmessage (C:\\Users\\VINAYA~1\\AppData\\Local\\Temp\\playwright-java-3377558316066883974\\package\\lib\\cli\\driver.js:52:57)\n    at Immediate._onImmediate (C:\\Users\\VINAYA~1\\AppData\\Local\\Temp\\playwright-java-3377558316066883974\\package\\lib\\protocol\\transport.js:77:34)\n    at process.processImmediate (node:internal/timers:478:21)\n}\r\n\tat com.microsoft.playwright.impl.Connection.dispatch(Connection.java:259)\r\n\tat com.microsoft.playwright.impl.Connection.processOneMessage(Connection.java:211)\r\n\tat com.microsoft.playwright.impl.ChannelOwner.runUntil(ChannelOwner.java:118)\r\n\t... 37 more\r\n"},"stage":"finished","steps":[],"attachments":[],"parameters":[],"start":1770104202142,"stop":1770104202154}